<?xml version="1.0" encoding="UTF-8"?>
<testsuite name="az.millikart.directory.DirectoryApplicationTests" tests="1" skipped="0" failures="0" errors="0" timestamp="2026-07-23T11:23:16" hostname="IlyazS-KB.local" time="0.392">
  <properties/>
  <testcase name="contextLoads()" classname="az.millikart.directory.DirectoryApplicationTests" time="0.392"/>
  <system-out><![CDATA[15:23:12.133 [Test worker] INFO org.springframework.test.context.support.AnnotationConfigContextLoaderUtils -- Could not detect default configuration classes for test class [az.millikart.directory.DirectoryApplicationTests]: DirectoryApplicationTests does not declare any static, non-private, non-final, nested classes annotated with @Configuration.
15:23:12.178 [Test worker] INFO org.springframework.boot.test.context.SpringBootTestContextBootstrapper -- Found @SpringBootConfiguration az.millikart.directory.DirectoryApplication for test class az.millikart.directory.DirectoryApplicationTests

  .   ____          _            __ _ _
 /\\ / ___'_ __ _ _(_)_ __  __ _ \ \ \ \
( ( )\___ | '_ | '_| | '_ \/ _` | \ \ \ \
 \\/  ___)| |_)| | | | | || (_| |  ) ) ) )
  '  |____| .__|_| |_|_| |_\__, | / / / /
 =========|_|==============|___/=/_/_/_/
 :: Spring Boot ::                (v3.2.5)

2026-07-23 15:23:12.445 [Test worker] [system] ?[34mINFO ?[0;39m ?[36ma.m.d.DirectoryApplicationTests?[0;39m - Starting DirectoryApplicationTests using Java 21.0.4 with PID 93774 (started by salayevim in /Users/salayevim/IdeaProjects/mp/directory)
2026-07-23 15:23:12.447 [Test worker] [system] ?[34mINFO ?[0;39m ?[36ma.m.d.DirectoryApplicationTests?[0;39m - No active profile set, falling back to 1 default profile: "default"
2026-07-23 15:23:13.146 [Test worker] [system] ?[34mINFO ?[0;39m ?[36mo.s.d.r.c.RepositoryConfigurationDelegate?[0;39m - Bootstrapping Spring Data JPA repositories in DEFAULT mode.
2026-07-23 15:23:13.178 [Test worker] [system] ?[34mINFO ?[0;39m ?[36mo.s.d.r.c.RepositoryConfigurationDelegate?[0;39m - Finished Spring Data repository scanning in 28 ms. Found 3 JPA repository interfaces.
2026-07-23 15:23:13.550 [Test worker] [system] ?[34mINFO ?[0;39m ?[36mcom.zaxxer.hikari.HikariDataSource?[0;39m - HikariPool-1 - Starting...
2026-07-23 15:23:13.637 [Test worker] [system] ?[34mINFO ?[0;39m ?[36mcom.zaxxer.hikari.pool.HikariPool?[0;39m - HikariPool-1 - Added connection conn0: url=jdbc:h2:mem:directory user=SA
2026-07-23 15:23:13.637 [Test worker] [system] ?[34mINFO ?[0;39m ?[36mcom.zaxxer.hikari.HikariDataSource?[0;39m - HikariPool-1 - Start completed.
2026-07-23 15:23:13.668 [Test worker] [system] ?[34mINFO ?[0;39m ?[36mliquibase.database?[0;39m - Set default schema name to PUBLIC
2026-07-23 15:23:13.923 [Test worker] [system] ?[34mINFO ?[0;39m ?[36mliquibase.changelog?[0;39m - Creating database history table with name: PUBLIC.DATABASECHANGELOG
2026-07-23 15:23:13.983 [Test worker] [system] ?[34mINFO ?[0;39m ?[36mliquibase.changelog?[0;39m - Reading from PUBLIC.DATABASECHANGELOG
2026-07-23 15:23:14.027 [Test worker] [system] ?[34mINFO ?[0;39m ?[36mliquibase.lockservice?[0;39m - Successfully acquired change log lock
2026-07-23 15:23:14.027 [Test worker] [system] ?[34mINFO ?[0;39m ?[36mliquibase.command?[0;39m - Using deploymentId: 4805794027
2026-07-23 15:23:14.028 [Test worker] [system] ?[34mINFO ?[0;39m ?[36mliquibase.changelog?[0;39m - Reading from PUBLIC.DATABASECHANGELOG
Running Changeset: db/changelog/changes/003-directory-schema.xml::3-directory-companies::millikart
2026-07-23 15:23:14.057 [Test worker] [system] ?[34mINFO ?[0;39m ?[36mliquibase.changelog?[0;39m - Table companies created
2026-07-23 15:23:14.057 [Test worker] [system] ?[34mINFO ?[0;39m ?[36mliquibase.changelog?[0;39m - ChangeSet db/changelog/changes/003-directory-schema.xml::3-directory-companies::millikart ran successfully in 12ms
Running Changeset: db/changelog/changes/003-directory-schema.xml::3-directory-companies-audit-columns::millikart
2026-07-23 15:23:14.062 [Test worker] [system] ?[34mINFO ?[0;39m ?[36mliquibase.changelog?[0;39m - Marking ChangeSet: "db/changelog/changes/003-directory-schema.xml::3-directory-companies-audit-columns::millikart" as ran despite precondition failure due to onFail='MARK_RAN': 
          db/changelog/db.changelog-master.xml : Not precondition failed

Running Changeset: db/changelog/changes/003-directory-schema.xml::3-directory-terminals::millikart
2026-07-23 15:23:14.068 [Test worker] [system] ?[34mINFO ?[0;39m ?[36mliquibase.changelog?[0;39m - Table terminals created
2026-07-23 15:23:14.068 [Test worker] [system] ?[34mINFO ?[0;39m ?[36mliquibase.changelog?[0;39m - ChangeSet db/changelog/changes/003-directory-schema.xml::3-directory-terminals::millikart ran successfully in 3ms
Running Changeset: db/changelog/changes/003-directory-schema.xml::3-directory-terminals-audit-columns::millikart
2026-07-23 15:23:14.071 [Test worker] [system] ?[34mINFO ?[0;39m ?[36mliquibase.changelog?[0;39m - Marking ChangeSet: "db/changelog/changes/003-directory-schema.xml::3-directory-terminals-audit-columns::millikart" as ran despite precondition failure due to onFail='MARK_RAN': 
          db/changelog/db.changelog-master.xml : Not precondition failed

Running Changeset: db/changelog/changes/003-directory-schema.xml::3-directory-audit-logs::millikart
2026-07-23 15:23:14.075 [Test worker] [system] ?[34mINFO ?[0;39m ?[36mliquibase.changelog?[0;39m - Table audit_logs created
2026-07-23 15:23:14.075 [Test worker] [system] ?[34mINFO ?[0;39m ?[36mliquibase.changelog?[0;39m - ChangeSet db/changelog/changes/003-directory-schema.xml::3-directory-audit-logs::millikart ran successfully in 2ms
2026-07-23 15:23:14.078 [Test worker] [system] ?[34mINFO ?[0;39m ?[36mliquibase.util?[0;39m - UPDATE SUMMARY
2026-07-23 15:23:14.078 [Test worker] [system] ?[34mINFO ?[0;39m ?[36mliquibase.util?[0;39m - Run:                          5
2026-07-23 15:23:14.078 [Test worker] [system] ?[34mINFO ?[0;39m ?[36mliquibase.util?[0;39m - Previously run:               0
2026-07-23 15:23:14.078 [Test worker] [system] ?[34mINFO ?[0;39m ?[36mliquibase.util?[0;39m - Filtered out:                 0
2026-07-23 15:23:14.078 [Test worker] [system] ?[34mINFO ?[0;39m ?[36mliquibase.util?[0;39m - -------------------------------
2026-07-23 15:23:14.078 [Test worker] [system] ?[34mINFO ?[0;39m ?[36mliquibase.util?[0;39m - Total change sets:            5
2026-07-23 15:23:14.078 [Test worker] [system] ?[34mINFO ?[0;39m ?[36mliquibase.util?[0;39m - Update summary generated
2026-07-23 15:23:14.079 [Test worker] [system] ?[34mINFO ?[0;39m ?[36mliquibase.command?[0;39m - Update command completed successfully.
Liquibase: Update has been successful. Rows affected: 5
2026-07-23 15:23:14.080 [Test worker] [system] ?[34mINFO ?[0;39m ?[36mliquibase.lockservice?[0;39m - Successfully released change log lock
2026-07-23 15:23:14.080 [Test worker] [system] ?[34mINFO ?[0;39m ?[36mliquibase.command?[0;39m - Command execution complete
2026-07-23 15:23:14.161 [Test worker] [system] ?[34mINFO ?[0;39m ?[36mo.h.jpa.internal.util.LogHelper?[0;39m - HHH000204: Processing PersistenceUnitInfo [name: default]
2026-07-23 15:23:14.191 [Test worker] [system] ?[34mINFO ?[0;39m ?[36morg.hibernate.Version?[0;39m - HHH000412: Hibernate ORM core version 6.4.4.Final
2026-07-23 15:23:14.208 [Test worker] [system] ?[34mINFO ?[0;39m ?[36mo.h.c.i.RegionFactoryInitiator?[0;39m - HHH000026: Second-level cache disabled
2026-07-23 15:23:14.325 [Test worker] [system] ?[34mINFO ?[0;39m ?[36mo.s.o.j.p.SpringPersistenceUnitInfo?[0;39m - No LoadTimeWeaver setup: ignoring JPA class transformer
2026-07-23 15:23:14.817 [Test worker] [system] ?[34mINFO ?[0;39m ?[36mo.h.e.t.j.p.i.JtaPlatformInitiator?[0;39m - HHH000489: No JTA platform available (set 'hibernate.transaction.jta.platform' to enable JTA platform integration)
2026-07-23 15:23:14.833 [Test worker] [system] ?[34mINFO ?[0;39m ?[36mo.s.o.j.LocalContainerEntityManagerFactoryBean?[0;39m - Initialized JPA EntityManagerFactory for persistence unit 'default'
2026-07-23 15:23:15.284 [Test worker] [system] ?[31mWARN ?[0;39m ?[36mo.s.b.a.s.s.UserDetailsServiceAutoConfiguration?[0;39m - 

Using generated security password: 06862606-4637-440c-9d9c-af3be44d5b2c

This generated password is for development use only. Your security configuration must be updated before running your application in production.

2026-07-23 15:23:15.617 [Test worker] [system] ?[34mINFO ?[0;39m ?[36mo.s.b.a.e.web.EndpointLinksResolver?[0;39m - Exposing 1 endpoint(s) beneath base path '/actuator'
2026-07-23 15:23:15.660 [Test worker] [system] ?[34mINFO ?[0;39m ?[36mo.s.s.web.DefaultSecurityFilterChain?[0;39m - Will secure any request with [org.springframework.security.web.session.DisableEncodeUrlFilter@f03dc9b, org.springframework.security.web.context.request.async.WebAsyncManagerIntegrationFilter@5c24724, org.springframework.security.web.context.SecurityContextHolderFilter@3683c47f, org.springframework.security.web.header.HeaderWriterFilter@3f90f77a, org.springframework.security.web.authentication.logout.LogoutFilter@4a3e3ce3, az.millikart.common.security.TraceIdFilter@3cc0efa2, az.millikart.common.security.JwtAuthFilter@3d5a6c07, org.springframework.security.web.savedrequest.RequestCacheAwareFilter@31e5f3f0, org.springframework.security.web.servletapi.SecurityContextHolderAwareRequestFilter@4faaf13a, org.springframework.security.web.authentication.AnonymousAuthenticationFilter@3cac962e, org.springframework.security.web.access.ExceptionTranslationFilter@72cdb111, org.springframework.security.web.access.intercept.AuthorizationFilter@479a2453]
2026-07-23 15:23:16.068 [Test worker] [system] ?[34mINFO ?[0;39m ?[36ma.m.d.DirectoryApplicationTests?[0;39m - Started DirectoryApplicationTests in 3.825 seconds (process running for 4.376)
]]></system-out>
  <system-err><![CDATA[WARNING: A Java agent has been loaded dynamically (/Users/salayevim/.gradle/caches/modules-2/files-2.1/net.bytebuddy/byte-buddy-agent/1.14.13/979ce25f7d3096a2e82214ba7dc972a05ce7a171/byte-buddy-agent-1.14.13.jar)
WARNING: If a serviceability tool is in use, please run with -XX:+EnableDynamicAgentLoading to hide this warning
WARNING: If a serviceability tool is not in use, please run with -Djdk.instrument.traceUsage for more information
WARNING: Dynamic loading of agents will be disallowed by default in a future release
]]></system-err>
</testsuite>
