<?xml version="1.0" encoding="UTF-8"?>
<testsuite name="az.millikart.directory.DirectoryIntegrationTest" tests="2" skipped="0" failures="0" errors="0" timestamp="2026-07-22T21:00:37" hostname="IlyazS-KB.local" time="0.444">
  <properties/>
  <testcase name="testCompanyLifecycleAndAudit()" classname="az.millikart.directory.DirectoryIntegrationTest" time="0.397"/>
  <testcase name="testTerminalLifecycleAndRBAC()" classname="az.millikart.directory.DirectoryIntegrationTest" time="0.047"/>
  <system-out><![CDATA[2026-07-23T01:00:36.412+04:00  INFO 70947 --- [    Test worker] t.c.s.AnnotationConfigContextLoaderUtils : Could not detect default configuration classes for test class [az.millikart.directory.DirectoryIntegrationTest]: DirectoryIntegrationTest does not declare any static, non-private, non-final, nested classes annotated with @Configuration.
2026-07-23T01:00:36.416+04:00  INFO 70947 --- [    Test worker] .b.t.c.SpringBootTestContextBootstrapper : Found @SpringBootConfiguration az.millikart.directory.DirectoryApplication for test class az.millikart.directory.DirectoryIntegrationTest

  .   ____          _            __ _ _
 /\\ / ___'_ __ _ _(_)_ __  __ _ \ \ \ \
( ( )\___ | '_ | '_| | '_ \/ _` | \ \ \ \
 \\/  ___)| |_)| | | | | || (_| |  ) ) ) )
  '  |____| .__|_| |_|_| |_\__, | / / / /
 =========|_|==============|___/=/_/_/_/
 :: Spring Boot ::                (v3.2.5)

2026-07-23T01:00:36.427+04:00  INFO 70947 --- [    Test worker] a.m.directory.DirectoryIntegrationTest   : Starting DirectoryIntegrationTest using Java 21.0.4 with PID 70947 (started by salayevim in /Users/salayevim/IdeaProjects/mp/directory)
2026-07-23T01:00:36.427+04:00  INFO 70947 --- [    Test worker] a.m.directory.DirectoryIntegrationTest   : No active profile set, falling back to 1 default profile: "default"
2026-07-23T01:00:36.567+04:00  INFO 70947 --- [    Test worker] .s.d.r.c.RepositoryConfigurationDelegate : Bootstrapping Spring Data JPA repositories in DEFAULT mode.
2026-07-23T01:00:36.572+04:00  INFO 70947 --- [    Test worker] .s.d.r.c.RepositoryConfigurationDelegate : Finished Spring Data repository scanning in 4 ms. Found 3 JPA repository interfaces.
2026-07-23T01:00:36.624+04:00  INFO 70947 --- [    Test worker] com.zaxxer.hikari.HikariDataSource       : HikariPool-2 - Starting...
2026-07-23T01:00:36.625+04:00  INFO 70947 --- [    Test worker] com.zaxxer.hikari.pool.HikariPool        : HikariPool-2 - Added connection conn10: url=jdbc:h2:mem:directory user=SA
2026-07-23T01:00:36.625+04:00  INFO 70947 --- [    Test worker] com.zaxxer.hikari.HikariDataSource       : HikariPool-2 - Start completed.
2026-07-23T01:00:36.626+04:00  INFO 70947 --- [    Test worker] liquibase.database                       : Set default schema name to PUBLIC
2026-07-23T01:00:36.677+04:00  INFO 70947 --- [    Test worker] liquibase.changelog                      : Reading from PUBLIC.DATABASECHANGELOG
2026-07-23T01:00:36.692+04:00  INFO 70947 --- [    Test worker] liquibase.lockservice                    : Successfully acquired change log lock
2026-07-23T01:00:36.692+04:00  INFO 70947 --- [    Test worker] liquibase.command                        : Using deploymentId: 4754036692
2026-07-23T01:00:36.692+04:00  INFO 70947 --- [    Test worker] liquibase.changelog                      : Reading from PUBLIC.DATABASECHANGELOG
2026-07-23T01:00:36.694+04:00  INFO 70947 --- [    Test worker] liquibase.util                           : UPDATE SUMMARY
2026-07-23T01:00:36.694+04:00  INFO 70947 --- [    Test worker] liquibase.util                           : Run:                          0
2026-07-23T01:00:36.694+04:00  INFO 70947 --- [    Test worker] liquibase.util                           : Previously run:               5
2026-07-23T01:00:36.694+04:00  INFO 70947 --- [    Test worker] liquibase.util                           : Filtered out:                 0
2026-07-23T01:00:36.694+04:00  INFO 70947 --- [    Test worker] liquibase.util                           : -------------------------------
2026-07-23T01:00:36.695+04:00  INFO 70947 --- [    Test worker] liquibase.util                           : Total change sets:            5
2026-07-23T01:00:36.695+04:00  INFO 70947 --- [    Test worker] liquibase.util                           : Update summary generated
2026-07-23T01:00:36.695+04:00  INFO 70947 --- [    Test worker] liquibase.command                        : Update command completed successfully.
Liquibase: Update has been successful. Rows affected: 0
2026-07-23T01:00:36.695+04:00  INFO 70947 --- [    Test worker] liquibase.lockservice                    : Successfully released change log lock
2026-07-23T01:00:36.695+04:00  INFO 70947 --- [    Test worker] liquibase.command                        : Command execution complete
2026-07-23T01:00:36.712+04:00  INFO 70947 --- [    Test worker] o.hibernate.jpa.internal.util.LogHelper  : HHH000204: Processing PersistenceUnitInfo [name: default]
2026-07-23T01:00:36.714+04:00  INFO 70947 --- [    Test worker] o.h.c.internal.RegionFactoryInitiator    : HHH000026: Second-level cache disabled
2026-07-23T01:00:36.715+04:00  INFO 70947 --- [    Test worker] o.s.o.j.p.SpringPersistenceUnitInfo      : No LoadTimeWeaver setup: ignoring JPA class transformer
2026-07-23T01:00:36.753+04:00  INFO 70947 --- [    Test worker] o.h.e.t.j.p.i.JtaPlatformInitiator       : HHH000489: No JTA platform available (set 'hibernate.transaction.jta.platform' to enable JTA platform integration)
2026-07-23T01:00:36.754+04:00  INFO 70947 --- [    Test worker] j.LocalContainerEntityManagerFactoryBean : Initialized JPA EntityManagerFactory for persistence unit 'default'
2026-07-23T01:00:36.851+04:00  WARN 70947 --- [    Test worker] .s.s.UserDetailsServiceAutoConfiguration : 

Using generated security password: 62e8cdde-96c7-4a38-8b00-46cc8d5f54fa

This generated password is for development use only. Your security configuration must be updated before running your application in production.

2026-07-23T01:00:36.966+04:00  INFO 70947 --- [    Test worker] o.s.b.a.e.web.EndpointLinksResolver      : Exposing 1 endpoint(s) beneath base path '/actuator'
2026-07-23T01:00:36.986+04:00  INFO 70947 --- [    Test worker] o.s.s.web.DefaultSecurityFilterChain     : Will secure any request with [org.springframework.security.web.session.DisableEncodeUrlFilter@3e660ff5, org.springframework.security.web.context.request.async.WebAsyncManagerIntegrationFilter@5d22a04d, org.springframework.security.web.context.SecurityContextHolderFilter@663a2b13, org.springframework.security.web.header.HeaderWriterFilter@50ebbf73, org.springframework.security.web.authentication.logout.LogoutFilter@7b29b052, az.millikart.common.security.JwtAuthFilter@4fe7962, org.springframework.security.web.savedrequest.RequestCacheAwareFilter@72d0cbc9, org.springframework.security.web.servletapi.SecurityContextHolderAwareRequestFilter@338a9b84, org.springframework.security.web.authentication.AnonymousAuthenticationFilter@4e32e1f9, org.springframework.security.web.access.ExceptionTranslationFilter@2cbad233, org.springframework.security.web.access.intercept.AuthorizationFilter@51cd77b]
2026-07-23T01:00:37.141+04:00  INFO 70947 --- [    Test worker] o.s.b.t.m.w.SpringBootMockServletContext : Initializing Spring TestDispatcherServlet ''
2026-07-23T01:00:37.141+04:00  INFO 70947 --- [    Test worker] o.s.t.web.servlet.TestDispatcherServlet  : Initializing Servlet ''
2026-07-23T01:00:37.141+04:00  INFO 70947 --- [    Test worker] o.s.t.web.servlet.TestDispatcherServlet  : Completed initialization in 0 ms
2026-07-23T01:00:37.152+04:00  INFO 70947 --- [    Test worker] a.m.directory.DirectoryIntegrationTest   : Started DirectoryIntegrationTest in 0.735 seconds (process running for 5.352)
]]></system-out>
  <system-err><![CDATA[]]></system-err>
</testsuite>
