<?xml version="1.0" encoding="UTF-8"?>
<testsuite name="az.millikart.directory.DirectoryApplicationTests" tests="1" skipped="0" failures="0" errors="0" timestamp="2026-07-22T21:00:36" hostname="IlyazS-KB.local" time="0.393">
  <properties/>
  <testcase name="contextLoads()" classname="az.millikart.directory.DirectoryApplicationTests" time="0.393"/>
  <system-out><![CDATA[01:00:32.370 [Test worker] INFO org.springframework.test.context.support.AnnotationConfigContextLoaderUtils -- Could not detect default configuration classes for test class [az.millikart.directory.DirectoryApplicationTests]: DirectoryApplicationTests does not declare any static, non-private, non-final, nested classes annotated with @Configuration.
01:00:32.417 [Test worker] INFO org.springframework.boot.test.context.SpringBootTestContextBootstrapper -- Found @SpringBootConfiguration az.millikart.directory.DirectoryApplication for test class az.millikart.directory.DirectoryApplicationTests

  .   ____          _            __ _ _
 /\\ / ___'_ __ _ _(_)_ __  __ _ \ \ \ \
( ( )\___ | '_ | '_| | '_ \/ _` | \ \ \ \
 \\/  ___)| |_)| | | | | || (_| |  ) ) ) )
  '  |____| .__|_| |_|_| |_\__, | / / / /
 =========|_|==============|___/=/_/_/_/
 :: Spring Boot ::                (v3.2.5)

2026-07-23T01:00:32.616+04:00  INFO 70947 --- [    Test worker] a.m.directory.DirectoryApplicationTests  : Starting DirectoryApplicationTests using Java 21.0.4 with PID 70947 (started by salayevim in /Users/salayevim/IdeaProjects/mp/directory)
2026-07-23T01:00:32.617+04:00  INFO 70947 --- [    Test worker] a.m.directory.DirectoryApplicationTests  : No active profile set, falling back to 1 default profile: "default"
2026-07-23T01:00:33.177+04:00  INFO 70947 --- [    Test worker] .s.d.r.c.RepositoryConfigurationDelegate : Bootstrapping Spring Data JPA repositories in DEFAULT mode.
2026-07-23T01:00:33.206+04:00  INFO 70947 --- [    Test worker] .s.d.r.c.RepositoryConfigurationDelegate : Finished Spring Data repository scanning in 24 ms. Found 3 JPA repository interfaces.
2026-07-23T01:00:33.555+04:00  INFO 70947 --- [    Test worker] com.zaxxer.hikari.HikariDataSource       : HikariPool-1 - Starting...
2026-07-23T01:00:33.656+04:00  INFO 70947 --- [    Test worker] com.zaxxer.hikari.pool.HikariPool        : HikariPool-1 - Added connection conn0: url=jdbc:h2:mem:directory user=SA
2026-07-23T01:00:33.657+04:00  INFO 70947 --- [    Test worker] com.zaxxer.hikari.HikariDataSource       : HikariPool-1 - Start completed.
2026-07-23T01:00:33.690+04:00  INFO 70947 --- [    Test worker] liquibase.database                       : Set default schema name to PUBLIC
2026-07-23T01:00:33.985+04:00  INFO 70947 --- [    Test worker] liquibase.changelog                      : Creating database history table with name: PUBLIC.DATABASECHANGELOG
2026-07-23T01:00:34.036+04:00  INFO 70947 --- [    Test worker] liquibase.changelog                      : Reading from PUBLIC.DATABASECHANGELOG
2026-07-23T01:00:34.082+04:00  INFO 70947 --- [    Test worker] liquibase.lockservice                    : Successfully acquired change log lock
2026-07-23T01:00:34.083+04:00  INFO 70947 --- [    Test worker] liquibase.command                        : Using deploymentId: 4754034083
2026-07-23T01:00:34.084+04:00  INFO 70947 --- [    Test worker] liquibase.changelog                      : Reading from PUBLIC.DATABASECHANGELOG
Running Changeset: db/changelog/changes/003-directory-schema.xml::3-directory-companies::millikart
2026-07-23T01:00:34.118+04:00  INFO 70947 --- [    Test worker] liquibase.changelog                      : Table companies created
2026-07-23T01:00:34.118+04:00  INFO 70947 --- [    Test worker] liquibase.changelog                      : ChangeSet db/changelog/changes/003-directory-schema.xml::3-directory-companies::millikart ran successfully in 10ms
Running Changeset: db/changelog/changes/003-directory-schema.xml::3-directory-companies-audit-columns::millikart
2026-07-23T01:00:34.122+04:00  INFO 70947 --- [    Test worker] liquibase.changelog                      : Marking ChangeSet: "db/changelog/changes/003-directory-schema.xml::3-directory-companies-audit-columns::millikart" as ran despite precondition failure due to onFail='MARK_RAN': 
          db/changelog/db.changelog-master.xml : Not precondition failed

Running Changeset: db/changelog/changes/003-directory-schema.xml::3-directory-terminals::millikart
2026-07-23T01:00:34.127+04:00  INFO 70947 --- [    Test worker] liquibase.changelog                      : Table terminals created
2026-07-23T01:00:34.128+04:00  INFO 70947 --- [    Test worker] liquibase.changelog                      : ChangeSet db/changelog/changes/003-directory-schema.xml::3-directory-terminals::millikart ran successfully in 3ms
Running Changeset: db/changelog/changes/003-directory-schema.xml::3-directory-terminals-audit-columns::millikart
2026-07-23T01:00:34.131+04:00  INFO 70947 --- [    Test worker] liquibase.changelog                      : Marking ChangeSet: "db/changelog/changes/003-directory-schema.xml::3-directory-terminals-audit-columns::millikart" as ran despite precondition failure due to onFail='MARK_RAN': 
          db/changelog/db.changelog-master.xml : Not precondition failed

Running Changeset: db/changelog/changes/003-directory-schema.xml::3-directory-audit-logs::millikart
2026-07-23T01:00:34.139+04:00  INFO 70947 --- [    Test worker] liquibase.changelog                      : Table audit_logs created
2026-07-23T01:00:34.139+04:00  INFO 70947 --- [    Test worker] liquibase.changelog                      : ChangeSet db/changelog/changes/003-directory-schema.xml::3-directory-audit-logs::millikart ran successfully in 3ms
2026-07-23T01:00:34.141+04:00  INFO 70947 --- [    Test worker] liquibase.util                           : UPDATE SUMMARY
2026-07-23T01:00:34.141+04:00  INFO 70947 --- [    Test worker] liquibase.util                           : Run:                          5
2026-07-23T01:00:34.141+04:00  INFO 70947 --- [    Test worker] liquibase.util                           : Previously run:               0
2026-07-23T01:00:34.141+04:00  INFO 70947 --- [    Test worker] liquibase.util                           : Filtered out:                 0
2026-07-23T01:00:34.141+04:00  INFO 70947 --- [    Test worker] liquibase.util                           : -------------------------------
2026-07-23T01:00:34.141+04:00  INFO 70947 --- [    Test worker] liquibase.util                           : Total change sets:            5
2026-07-23T01:00:34.142+04:00  INFO 70947 --- [    Test worker] liquibase.util                           : Update summary generated
2026-07-23T01:00:34.142+04:00  INFO 70947 --- [    Test worker] liquibase.command                        : Update command completed successfully.
Liquibase: Update has been successful. Rows affected: 5
2026-07-23T01:00:34.143+04:00  INFO 70947 --- [    Test worker] liquibase.lockservice                    : Successfully released change log lock
2026-07-23T01:00:34.143+04:00  INFO 70947 --- [    Test worker] liquibase.command                        : Command execution complete
2026-07-23T01:00:34.211+04:00  INFO 70947 --- [    Test worker] o.hibernate.jpa.internal.util.LogHelper  : HHH000204: Processing PersistenceUnitInfo [name: default]
2026-07-23T01:00:34.239+04:00  INFO 70947 --- [    Test worker] org.hibernate.Version                    : HHH000412: Hibernate ORM core version 6.4.4.Final
2026-07-23T01:00:34.254+04:00  INFO 70947 --- [    Test worker] o.h.c.internal.RegionFactoryInitiator    : HHH000026: Second-level cache disabled
2026-07-23T01:00:34.356+04:00  INFO 70947 --- [    Test worker] o.s.o.j.p.SpringPersistenceUnitInfo      : No LoadTimeWeaver setup: ignoring JPA class transformer
2026-07-23T01:00:34.811+04:00  INFO 70947 --- [    Test worker] o.h.e.t.j.p.i.JtaPlatformInitiator       : HHH000489: No JTA platform available (set 'hibernate.transaction.jta.platform' to enable JTA platform integration)
2026-07-23T01:00:34.825+04:00  INFO 70947 --- [    Test worker] j.LocalContainerEntityManagerFactoryBean : Initialized JPA EntityManagerFactory for persistence unit 'default'
2026-07-23T01:00:35.223+04:00  WARN 70947 --- [    Test worker] .s.s.UserDetailsServiceAutoConfiguration : 

Using generated security password: 4419c4d9-f438-490d-b1a1-67964d11169a

This generated password is for development use only. Your security configuration must be updated before running your application in production.

2026-07-23T01:00:35.550+04:00  INFO 70947 --- [    Test worker] o.s.b.a.e.web.EndpointLinksResolver      : Exposing 1 endpoint(s) beneath base path '/actuator'
2026-07-23T01:00:35.594+04:00  INFO 70947 --- [    Test worker] o.s.s.web.DefaultSecurityFilterChain     : Will secure any request with [org.springframework.security.web.session.DisableEncodeUrlFilter@13987842, org.springframework.security.web.context.request.async.WebAsyncManagerIntegrationFilter@1f5513df, org.springframework.security.web.context.SecurityContextHolderFilter@728055bf, org.springframework.security.web.header.HeaderWriterFilter@75600bdb, org.springframework.security.web.authentication.logout.LogoutFilter@3b418ca2, az.millikart.common.security.JwtAuthFilter@23327c53, org.springframework.security.web.savedrequest.RequestCacheAwareFilter@4fa7df5c, org.springframework.security.web.servletapi.SecurityContextHolderAwareRequestFilter@5e3c3c3d, org.springframework.security.web.authentication.AnonymousAuthenticationFilter@24aa1547, org.springframework.security.web.access.ExceptionTranslationFilter@1cdb3ccd, org.springframework.security.web.access.intercept.AuthorizationFilter@2432c72c]
2026-07-23T01:00:35.971+04:00  INFO 70947 --- [    Test worker] a.m.directory.DirectoryApplicationTests  : Started DirectoryApplicationTests in 3.485 seconds (process running for 4.172)
]]></system-out>
  <system-err><![CDATA[WARNING: A Java agent has been loaded dynamically (/Users/salayevim/.gradle/caches/modules-2/files-2.1/net.bytebuddy/byte-buddy-agent/1.14.13/979ce25f7d3096a2e82214ba7dc972a05ce7a171/byte-buddy-agent-1.14.13.jar)
WARNING: If a serviceability tool is in use, please run with -XX:+EnableDynamicAgentLoading to hide this warning
WARNING: If a serviceability tool is not in use, please run with -Djdk.instrument.traceUsage for more information
WARNING: Dynamic loading of agents will be disallowed by default in a future release
]]></system-err>
</testsuite>
